app/build/intermediates/manifest_merge_blame_file/debug/manifest-merger-blame-debug-report.txt
1<?xml version="1.0" encoding="utf-8"?>
2<manifest xmlns:android="http://schemas.android.com/apk/res/android"
3    package="com.example.andorid.implicitintentsreceiver"
4    android:versionCode="1"
5    android:versionName="1.0" >
6
7    <uses-sdk
8        android:minSdkVersion="15"
8-->src\main\AndroidManifest.xml
9        android:targetSdkVersion="29" />
9-->src\main\AndroidManifest.xml
10
11    <application
11-->src\main\AndroidManifest.xml:5:5-25:19
12        android:allowBackup="true"
12-->src\main\AndroidManifest.xml:6:9-35
13        android:appComponentFactory="androidx.core.app.CoreComponentFactory"
13-->[androidx.core:core:1.0.1] AndroidManifest.xml:22:18-86
14        android:debuggable="true"
15        android:icon="@mipmap/ic_launcher"
15-->src\main\AndroidManifest.xml:7:9-43
16        android:label="@string/app_name"
16-->src\main\AndroidManifest.xml:8:9-41
17        android:roundIcon="@mipmap/ic_launcher_round"
17-->src\main\AndroidManifest.xml:9:9-54
18        android:supportsRtl="true"
18-->src\main\AndroidManifest.xml:10:9-35
19        android:testOnly="true"
20        android:theme="@style/AppTheme" >
20-->src\main\AndroidManifest.xml:11:9-40
21        <activity android:name="com.example.andorid.implicitintentsreceiver.MainActivity" >
21-->src\main\AndroidManifest.xml:12:9-24:20
21-->src\main\AndroidManifest.xml:12:19-47
22            <intent-filter>
22-->src\main\AndroidManifest.xml:13:13-16:29
23                <action android:name="android.intent.action.MAIN" />
23-->src\main\AndroidManifest.xml:14:17-69
23-->src\main\AndroidManifest.xml:14:25-66
24
25                <category android:name="android.intent.category.LAUNCHER" />
25-->src\main\AndroidManifest.xml:15:17-77
25-->src\main\AndroidManifest.xml:15:27-74
26            </intent-filter>
27            <intent-filter>
27-->src\main\AndroidManifest.xml:18:13-23:29
28                <action android:name="android.intent.action.VIEW" />
28-->src\main\AndroidManifest.xml:19:17-69
28-->src\main\AndroidManifest.xml:19:25-66
29
30                <category android:name="android.intent.category.DEFAULT" />
30-->src\main\AndroidManifest.xml:20:17-76
30-->src\main\AndroidManifest.xml:20:27-73
31                <category android:name="andorid.intent.category.BROWSABLE" />
31-->src\main\AndroidManifest.xml:21:17-78
31-->src\main\AndroidManifest.xml:21:27-75
32
33                <data
33-->src\main\AndroidManifest.xml:22:17-84
34                    android:host="developer.android.com"
34-->src\main\AndroidManifest.xml:22:45-81
35                    android:scheme="http" />
35-->src\main\AndroidManifest.xml:22:23-44
36            </intent-filter>
37        </activity>
38    </application>
39
40</manifest>